<?xml version="1.0" encoding="UTF-8"?>
<project xmlns="http://maven.apache.org/POM/4.0.0" xmlns:xsi="http://www.w3.org/2001/XMLSchema-instance" xsi:schemaLocation="http://maven.apache.org/POM/4.0.0 http://maven.apache.org/maven-v4_0_0.xsd">
    <modelVersion>4.0.0</modelVersion>

    <groupId>org.openmrs</groupId>
    <artifactId>openmrs-project</artifactId>
    <version>1.0.0-SNAPSHOT</version>
    <packaging>pom</packaging>
    <name>OpenMRS Project Archetype</name>
    <description>Archetype and scripts used for module development</description>
    <url>https://wiki.openmrs.org/x/rwBkAg</url>

    <developers>
        <developer>
            <name>h3llborn</name>
        </developer>
    </developers>

    <organization>
        <name>OpenMRS</name>
        <url>http://openmrs.org</url>
    </organization>

    <properties>
        <openMRSVersion>1.9.4-SNAPSHOT</openMRSVersion>
        <h2Version>1.2.135</h2Version>
        <logicModuleVersion>0.5.2</logicModuleVersion>
    </properties>

    <build>
        <plugins>
            <plugin>
                <groupId>org.apache.maven.plugins</groupId>
                <artifactId>maven-dependency-plugin</artifactId>
                <version>2.8</version>
                <executions>
                    <execution>
                        <id>copy</id>
                        <phase>package</phase>
                        <goals>
                            <goal>copy</goal>
                        </goals>
                        <configuration>
                            <artifactItems>
                                <artifactItem>
                                    <groupId>org.openmrs.web</groupId>
                                    <artifactId>openmrs-webapp</artifactId>
                                    <version>${openMRSVersion}</version>
                                    <type>war</type>
                                    <outputDirectory>${project.basedir}/openmrs/${openMRSVersion}</outputDirectory>
                                    <destFileName>openmrs-${openMRSVersion}.war</destFileName>
                                </artifactItem>
                                <artifactItem>
                                    <groupId>com.h2database</groupId>
                                    <artifactId>h2</artifactId>
                                    <version>${h2Version}</version>
                                    <type>jar</type>
                                    <outputDirectory>${project.build.directory}/db</outputDirectory>
                                    <destFileName>h2-${h2Version}.jar</destFileName>
                                </artifactItem>
                                <artifactItem>
                                    <groupId>org.openmrs.module</groupId>
                                    <artifactId>logic-omod</artifactId>
                                    <version>${logicModuleVersion}</version>
                                    <type>omod</type>
                                    <destFileName>logic-${logicModuleVersion}.omod</destFileName>
                                </artifactItem>
                            </artifactItems>
                            <outputDirectory>${project.basedir}/openmrs/${openMRSVersion}/modules</outputDirectory>
                        </configuration>
                    </execution>
                </executions>
            </plugin>

            <!--

            We'll configure tomcat7-maven-plugin later down the road to produce a standalone with war and all omods.

            <plugin>
                <groupId>org.apache.tomcat.maven</groupId>
                <artifactId>tomcat7-maven-plugin</artifactId>
                <version>2.1</version>
                <executions>
                    <execution>
                        <id>tomcat-exec-war</id>
                        <goals>
                            <goal>exec-war-only</goal>
                        </goals>
                        <phase>package</phase>
                        <configuration>
                            <warRunDependencies>
                                <warRunDependency>
                                    <dependency>
                                        <groupId>org.openmrs.web</groupId>
                                        <artifactId>openmrs-webapp</artifactId>
                                        <version>${openMRSVersion}</version>
                                        <type>war</type>
                                    </dependency>
                                    <contextPath>/openmrs</contextPath>
                                </warRunDependency>
                            </warRunDependencies>
                        </configuration>
                    </execution>
                </executions>
            </plugin>
            //-->

            <plugin>
                <groupId>org.eclipse.jetty</groupId>
                <artifactId>jetty-maven-plugin</artifactId>
                <version>9.0.4.v20130625</version>
                <configuration>
                    <webApp>
                        <contextPath>/openmrs</contextPath>
                        <extraClasspath>${project.build.directory}/db/h2-${h2Version}.jar</extraClasspath>
                    </webApp>
                    <war>${project.basedir}/openmrs/${openMRSVersion}/openmrs-${openMRSVersion}.war</war>
                    <systemProperties>
                        <systemProperty>
                            <name>OPENMRS_INSTALLATION_SCRIPT</name>
                            <value>classpath:installation.h2.properties</value>
                        </systemProperty>
                        <systemProperty>
                            <name>OPENMRS_APPLICATION_DATA_DIRECTORY</name>
                            <value>${project.basedir}/openmrs-${openMRSVersion}/</value>
                        </systemProperty>
                    </systemProperties>
                </configuration>
            </plugin>
        </plugins>
    </build>

    <repositories>
        <repository>
            <id>openmrs-repo</id>
            <name>OpenMRS Nexus Repository</name>
            <url>http://mavenrepo.openmrs.org/nexus/content/repositories/public</url>
        </repository>
    </repositories>

    <pluginRepositories>
        <pluginRepository>
            <id>openmrs-repo</id>
            <name>OpenMRS Nexus Repository</name>
            <url>http://mavenrepo.openmrs.org/nexus/content/repositories/public</url>
            <snapshots>
                <enabled>false</enabled>
            </snapshots>
        </pluginRepository>
    </pluginRepositories>

    <distributionManagement>
        <repository>
            <id>openmrs-repo-modules</id>
            <name>Modules</name>
            <url>http://mavenrepo.openmrs.org/nexus/content/repositories/modules/</url>
        </repository>
        <snapshotRepository>
            <id>openmrs-repo-snapshots</id>
            <name>OpenMRS Snapshots</name>
            <url>http://mavenrepo.openmrs.org/nexus/content/repositories/snapshots</url>
        </snapshotRepository>
    </distributionManagement>


</project>
